2025-05-21 07:51:00 | DEBUG | repo=pv243-a4m36jee-2018-security-seminar | action=test | passed=true
2025-10-24 19:19:00 | WARN | repo=pv243-a4m36jee-2018-security-seminar | action=commit
2025-05-17 08:34:00 | INFO | repo=pv243-a4m36jee-2018-security-seminar | action=commit
2025-09-03 11:41:00 | INFO | repo=pv243-a4m36jee-2018-security-seminar | action=commit
2025-07-10 11:13:00 | WARN | repo=pv243-a4m36jee-2018-security-seminar | action=commit
2025-05-20 07:48:00 | INFO | repo=pv243-a4m36jee-2018-security-seminar | action=pull
2025-07-08 19:08:00 | WARN | repo=pv243-a4m36jee-2018-security-seminar | action=pull
2025-07-05 20:55:00 | INFO | repo=pv243-a4m36jee-2018-security-seminar | action=commit
2025-03-08 16:25:00 | INFO | repo=pv243-a4m36jee-2018-security-seminar | action=commit
2025-04-18 09:57:00 | WARN | repo=pv243-a4m36jee-2018-security-seminar | action=commit
2025-02-04 08:19:00 | WARN | repo=pv243-a4m36jee-2018-security-seminar | action=commit
2025-12-22 20:52:00 | DEBUG | repo=pv243-a4m36jee-2018-security-seminar | action=pull
2025-03-04 19:56:00 | INFO | repo=pv243-a4m36jee-2018-security-seminar | action=commit
2025-04-17 09:00:00 | DEBUG | repo=pv243-a4m36jee-2018-security-seminar | action=commit
2025-08-09 10:34:00 | INFO | repo=pv243-a4m36jee-2018-security-seminar | action=test | passed=true
2025-11-15 18:23:00 | WARN | repo=pv243-a4m36jee-2018-security-seminar | action=commit
2025-06-02 21:24:00 | INFO | repo=pv243-a4m36jee-2018-security-seminar | action=pull
2025-03-18 21:33:00 | WARN | repo=pv243-a4m36jee-2018-security-seminar | action=commit
2025-12-06 19:37:00 | WARN | repo=pv243-a4m36jee-2018-security-seminar | action=edit | files=5
2025-02-10 08:35:00 | INFO | repo=pv243-a4m36jee-2018-security-seminar | action=edit | files=3
2025-03-25 18:38:00 | INFO | repo=pv243-a4m36jee-2018-security-seminar | action=commit
2025-02-18 14:01:00 | WARN | repo=pv243-a4m36jee-2018-security-seminar | action=commit
2025-06-13 21:46:00 | INFO | repo=pv243-a4m36jee-2018-security-seminar | action=commit
2025-09-27 13:27:00 | INFO | repo=pv243-a4m36jee-2018-security-seminar | action=edit | files=5
2025-05-01 11:46:00 | WARN | repo=pv243-a4m36jee-2018-security-seminar | action=commit
2025-11-22 18:21:00 | INFO | repo=pv243-a4m36jee-2018-security-seminar | action=edit | files=2
2025-06-25 07:08:00 | DEBUG | repo=pv243-a4m36jee-2018-security-seminar | action=test | passed=true
2025-06-13 13:58:00 | DEBUG | repo=pv243-a4m36jee-2018-security-seminar | action=edit | files=1
2025-01-05 11:26:00 | WARN | repo=pv243-a4m36jee-2018-security-seminar | action=edit | files=1
2025-06-01 13:08:00 | INFO | repo=pv243-a4m36jee-2018-security-seminar | action=commit
2025-06-09 07:07:00 | WARN | repo=pv243-a4m36jee-2018-security-seminar | action=commit
2025-04-23 18:46:00 | WARN | repo=pv243-a4m36jee-2018-security-seminar | action=commit
2025-09-14 15:01:00 | WARN | repo=pv243-a4m36jee-2018-security-seminar | action=test | passed=true
2025-07-24 19:20:00 | WARN | repo=pv243-a4m36jee-2018-security-seminar | action=commit
2025-02-13 09:13:00 | WARN | repo=pv243-a4m36jee-2018-security-seminar | action=pull
2025-10-05 12:54:00 | INFO | repo=pv243-a4m36jee-2018-security-seminar | action=test | passed=true
2025-07-08 15:07:00 | INFO | repo=pv243-a4m36jee-2018-security-seminar | action=commit
2025-03-24 18:59:00 | WARN | repo=pv243-a4m36jee-2018-security-seminar | action=test | passed=true
2025-02-05 19:46:00 | INFO | repo=pv243-a4m36jee-2018-security-seminar | action=commit
2025-01-10 14:40:00 | DEBUG | repo=pv243-a4m36jee-2018-security-seminar | action=pull
2025-01-24 14:07:00 | WARN | repo=pv243-a4m36jee-2018-security-seminar | action=commit
2025-09-07 16:08:00 | DEBUG | repo=pv243-a4m36jee-2018-security-seminar | action=test | passed=true
2025-11-25 13:07:00 | DEBUG | repo=pv243-a4m36jee-2018-security-seminar | action=commit
2025-08-18 09:17:00 | WARN | repo=pv243-a4m36jee-2018-security-seminar | action=commit
2025-06-20 08:42:00 | WARN | repo=pv243-a4m36jee-2018-security-seminar | action=edit | files=2
2025-06-25 11:12:00 | INFO | repo=pv243-a4m36jee-2018-security-seminar | action=commit
2025-07-03 15:09:00 | INFO | repo=pv243-a4m36jee-2018-security-seminar | action=commit
